{"C:\\Users\\yastr\\Desktop\\Projects\\Julia\\atv\\testesATV\\calculadora.js": {"path":"C:\\Users\\yastr\\Desktop\\Projects\\Julia\\atv\\testesATV\\calculadora.js","statementMap":{"0":{"start":{"line":2,"column":4},"end":{"line":2,"column":17}},"1":{"start":{"line":6,"column":4},"end":{"line":6,"column":17}},"2":{"start":{"line":10,"column":4},"end":{"line":10,"column":17}},"3":{"start":{"line":14,"column":4},"end":{"line":14,"column":17}},"4":{"start":{"line":18,"column":4},"end":{"line":18,"column":18}},"5":{"start":{"line":22,"column":4},"end":{"line":22,"column":23}},"6":{"start":{"line":26,"column":4},"end":{"line":26,"column":25}},"7":{"start":{"line":29,"column":0},"end":{"line":29,"column":89}}},"fnMap":{"0":{"name":"somar","decl":{"start":{"line":1,"column":9},"end":{"line":1,"column":14}},"loc":{"start":{"line":1,"column":21},"end":{"line":3,"column":1}},"line":1},"1":{"name":"subtrair","decl":{"start":{"line":5,"column":9},"end":{"line":5,"column":17}},"loc":{"start":{"line":5,"column":24},"end":{"line":7,"column":1}},"line":5},"2":{"name":"multiplicar","decl":{"start":{"line":9,"column":9},"end":{"line":9,"column":20}},"loc":{"start":{"line":9,"column":27},"end":{"line":11,"column":1}},"line":9},"3":{"name":"dividir","decl":{"start":{"line":13,"column":9},"end":{"line":13,"column":16}},"loc":{"start":{"line":13,"column":23},"end":{"line":15,"column":1}},"line":13},"4":{"name":"potencia","decl":{"start":{"line":17,"column":9},"end":{"line":17,"column":17}},"loc":{"start":{"line":17,"column":24},"end":{"line":19,"column":1}},"line":17},"5":{"name":"media","decl":{"start":{"line":21,"column":9},"end":{"line":21,"column":14}},"loc":{"start":{"line":21,"column":21},"end":{"line":23,"column":1}},"line":21},"6":{"name":"porcentagem","decl":{"start":{"line":25,"column":9},"end":{"line":25,"column":20}},"loc":{"start":{"line":25,"column":27},"end":{"line":27,"column":1}},"line":25}},"branchMap":{},"s":{"0":1,"1":1,"2":1,"3":2,"4":1,"5":1,"6":1,"7":1},"f":{"0":1,"1":1,"2":1,"3":2,"4":1,"5":1,"6":1},"b":{},"_coverageSchema":"1a1c01bbd47fc00a2c39e90264f33305004495a9","hash":"4fc2bece55261265957a1c72b76866ae5d5138dc"}
}
